<?xml version="1.0" encoding="UTF-8"?>
<!-- Generated by org.testng.reporters.JUnitReportReporter -->
<testsuite skipped="0" hostname="Hp-Komputer" name="com.testautomation.TestRunner.TestRunner" tests="1" failures="0" timestamp="10 sty 2019 12:13:29 GMT" time="14.722" errors="0">
  <testcase name="feature" time="14.722" classname="com.testautomation.TestRunner.TestRunner"/>
</testsuite> <!-- com.testautomation.TestRunner.TestRunner -->
