<?xml version="1.0" encoding="UTF-8"?>
<!-- Generated by org.testng.reporters.JUnitReportReporter -->
<testsuite skipped="0" hostname="Hp-Komputer" name="com.testautomation.TestRunner.TestRunner" tests="1" failures="0" timestamp="09 sty 2019 10:56:10 GMT" time="17.976" errors="0">
  <testcase name="feature" time="17.976" classname="com.testautomation.TestRunner.TestRunner"/>
</testsuite> <!-- com.testautomation.TestRunner.TestRunner -->
