<?xml version="1.0" encoding="UTF-8"?>
<!-- Generated by org.testng.reporters.JUnitReportReporter -->
<testsuite skipped="0" hostname="Hp-Komputer" name="com.testautomation.TestRunner.TestRunner" tests="1" failures="0" timestamp="09 sty 2019 16:36:07 GMT" time="15.030" errors="0">
  <testcase name="feature" time="15.030" classname="com.testautomation.TestRunner.TestRunner"/>
</testsuite> <!-- com.testautomation.TestRunner.TestRunner -->
